[debug] [2023-11-21T12:27:52.859Z] ----------------------------------------------------------------------
[debug] [2023-11-21T12:27:52.862Z] Command:       C:\Program Files\nodejs\node.exe C:\Users\anush\AppData\Roaming\npm\node_modules\firebase-tools\lib\bin\firebase.js init
[debug] [2023-11-21T12:27:52.862Z] CLI Version:   12.9.1
[debug] [2023-11-21T12:27:52.862Z] Platform:      win32
[debug] [2023-11-21T12:27:52.862Z] Node Version:  v20.9.0
[debug] [2023-11-21T12:27:52.862Z] Time:          Tue Nov 21 2023 13:27:52 GMT+0100 (Mitteleuropäische Normalzeit)
[debug] [2023-11-21T12:27:52.863Z] ----------------------------------------------------------------------
[debug] 
[debug] [2023-11-21T12:27:52.867Z] > command requires scopes: ["email","openid","https://www.googleapis.com/auth/cloudplatformprojects.readonly","https://www.googleapis.com/auth/firebase","https://www.googleapis.com/auth/cloud-platform"]
[debug] [2023-11-21T12:27:52.868Z] > authorizing via signed-in user (anushankesavan11@gmail.com)
[info] 
     ######## #### ########  ######## ########     ###     ######  ########
     ##        ##  ##     ## ##       ##     ##  ##   ##  ##       ##
     ######    ##  ########  ######   ########  #########  ######  ######
     ##        ##  ##    ##  ##       ##     ## ##     ##       ## ##
     ##       #### ##     ## ######## ########  ##     ##  ######  ########

You're about to initialize a Firebase project in this directory:

  C:\Users\anush\IdeaProjects\Kibby

[info] 
=== Project Setup
[info] 
[info] First, let's associate this project directory with a Firebase project.
[info] You can create multiple project aliases by running firebase use --add, 
[info] but for now we'll just set up a default project.
[info] 
[debug] [2023-11-21T12:28:03.866Z] >>> [apiv2][query] GET https://firebase.googleapis.com/v1beta1/projects pageSize=100
[debug] [2023-11-21T12:28:04.383Z] <<< [apiv2][status] GET https://firebase.googleapis.com/v1beta1/projects 200
[debug] [2023-11-21T12:28:04.383Z] <<< [apiv2][body] GET https://firebase.googleapis.com/v1beta1/projects [omitted]
[info] i  Using project kibby-2cd8c (Kibby) 
[info] 
=== Database Setup
[info] i  database: ensuring required API firebasedatabase.googleapis.com is enabled... 
[debug] [2023-11-21T12:28:05.278Z] >>> [apiv2][query] GET https://serviceusage.googleapis.com/v1/projects/kibby-2cd8c/services/firebasedatabase.googleapis.com [none]
[debug] [2023-11-21T12:28:05.278Z] >>> [apiv2][(partial)header] GET https://serviceusage.googleapis.com/v1/projects/kibby-2cd8c/services/firebasedatabase.googleapis.com x-goog-quota-user=projects/kibby-2cd8c
[debug] [2023-11-21T12:28:06.180Z] <<< [apiv2][status] GET https://serviceusage.googleapis.com/v1/projects/kibby-2cd8c/services/firebasedatabase.googleapis.com 200
[debug] [2023-11-21T12:28:06.180Z] <<< [apiv2][body] GET https://serviceusage.googleapis.com/v1/projects/kibby-2cd8c/services/firebasedatabase.googleapis.com [omitted]
[info] +  database: required API firebasedatabase.googleapis.com is enabled 
[info] 
[debug] [2023-11-21T12:28:06.181Z] >>> [apiv2][query] GET https://firebasedatabase.googleapis.com/v1beta/projects/kibby-2cd8c/locations/-/instances/kibby-2cd8c-default-rtdb [none]
[debug] [2023-11-21T12:28:07.029Z] <<< [apiv2][status] GET https://firebasedatabase.googleapis.com/v1beta/projects/kibby-2cd8c/locations/-/instances/kibby-2cd8c-default-rtdb 200
[debug] [2023-11-21T12:28:07.029Z] <<< [apiv2][body] GET https://firebasedatabase.googleapis.com/v1beta/projects/kibby-2cd8c/locations/-/instances/kibby-2cd8c-default-rtdb {"name":"projects/453662012145/locations/europe-west1/instances/kibby-2cd8c-default-rtdb","project":"projects/453662012145","databaseUrl":"https://kibby-2cd8c-default-rtdb.europe-west1.firebasedatabase.app","type":"DEFAULT_DATABASE","state":"ACTIVE"}
[info] 
[info] Firebase Realtime Database Security Rules allow you to define how your data should be
[info] structured and when your data can be read from and written to.
[info] 
[debug] [2023-11-21T12:28:21.365Z] >>> [apiv2][query] GET https://kibby-2cd8c-default-rtdb.europe-west1.firebasedatabase.app/.settings/rules.json [none]
[debug] [2023-11-21T12:28:21.486Z] <<< [apiv2][status] GET https://kibby-2cd8c-default-rtdb.europe-west1.firebasedatabase.app/.settings/rules.json 200
[debug] [2023-11-21T12:28:21.486Z] <<< [apiv2][body] GET https://kibby-2cd8c-default-rtdb.europe-west1.firebasedatabase.app/.settings/rules.json [stream]
[info] +  Database Rules for kibby-2cd8c-default-rtdb have been written to database.rules.json. 
[info] Future modifications to database.rules.json will update Realtime Database Security Rules when you run
[info] firebase deploy.
[info] 
=== Firestore Setup
[debug] [2023-11-21T12:28:21.488Z] >>> [apiv2][query] GET https://serviceusage.googleapis.com/v1/projects/kibby-2cd8c/services/firestore.googleapis.com [none]
[debug] [2023-11-21T12:28:21.489Z] >>> [apiv2][(partial)header] GET https://serviceusage.googleapis.com/v1/projects/kibby-2cd8c/services/firestore.googleapis.com x-goog-quota-user=projects/kibby-2cd8c
[debug] [2023-11-21T12:28:22.390Z] <<< [apiv2][status] GET https://serviceusage.googleapis.com/v1/projects/kibby-2cd8c/services/firestore.googleapis.com 200
[debug] [2023-11-21T12:28:22.390Z] <<< [apiv2][body] GET https://serviceusage.googleapis.com/v1/projects/kibby-2cd8c/services/firestore.googleapis.com [omitted]
[debug] [2023-11-21T12:28:22.390Z] >>> [apiv2][query] GET https://firestore.googleapis.com/v1/projects/kibby-2cd8c/databases/(default) [none]
[debug] [2023-11-21T12:28:22.572Z] <<< [apiv2][status] GET https://firestore.googleapis.com/v1/projects/kibby-2cd8c/databases/(default) 200
[debug] [2023-11-21T12:28:22.573Z] <<< [apiv2][body] GET https://firestore.googleapis.com/v1/projects/kibby-2cd8c/databases/(default) {"name":"projects/kibby-2cd8c/databases/(default)","uid":"4098533b-8edb-47f6-b3c3-9ec70b93c360","createTime":"2023-11-21T12:26:27.996328Z","updateTime":"2023-11-21T12:26:27.996328Z","locationId":"eur3","type":"FIRESTORE_NATIVE","concurrencyMode":"PESSIMISTIC","versionRetentionPeriod":"3600s","earliestVersionTime":"2023-11-21T12:26:27.996328Z","appEngineIntegrationMode":"DISABLED","keyPrefix":"e","pointInTimeRecoveryEnablement":"POINT_IN_TIME_RECOVERY_DISABLED","deleteProtectionState":"DELETE_PROTECTION_DISABLED","etag":"ING/4OiL1YIDMKit1bGL1YID"}
[debug] [2023-11-21T12:28:22.573Z] database_type: FIRESTORE_NATIVE
[debug] [2023-11-21T12:28:22.573Z] > command requires scopes: ["email","openid","https://www.googleapis.com/auth/cloudplatformprojects.readonly","https://www.googleapis.com/auth/firebase","https://www.googleapis.com/auth/cloud-platform"]
[debug] [2023-11-21T12:28:22.573Z] > authorizing via signed-in user (anushankesavan11@gmail.com)
[debug] [2023-11-21T12:28:22.573Z] [iam] checking project kibby-2cd8c for permissions ["firebase.projects.get"]
[debug] [2023-11-21T12:28:22.573Z] >>> [apiv2][query] POST https://cloudresourcemanager.googleapis.com/v1/projects/kibby-2cd8c:testIamPermissions [none]
[debug] [2023-11-21T12:28:22.574Z] >>> [apiv2][(partial)header] POST https://cloudresourcemanager.googleapis.com/v1/projects/kibby-2cd8c:testIamPermissions x-goog-quota-user=projects/kibby-2cd8c
[debug] [2023-11-21T12:28:22.574Z] >>> [apiv2][body] POST https://cloudresourcemanager.googleapis.com/v1/projects/kibby-2cd8c:testIamPermissions {"permissions":["firebase.projects.get"]}
[debug] [2023-11-21T12:28:23.291Z] <<< [apiv2][status] POST https://cloudresourcemanager.googleapis.com/v1/projects/kibby-2cd8c:testIamPermissions 200
[debug] [2023-11-21T12:28:23.292Z] <<< [apiv2][body] POST https://cloudresourcemanager.googleapis.com/v1/projects/kibby-2cd8c:testIamPermissions {"permissions":["firebase.projects.get"]}
[info] 
[info] Firestore Security Rules allow you to define how and when to allow
[info] requests. You can keep these rules in your project directory
[info] and publish them with firebase deploy.
[info] 
[debug] [2023-11-21T12:28:26.627Z] >>> [apiv2][query] GET https://firebaserules.googleapis.com/v1/projects/kibby-2cd8c/releases pageSize=10&pageToken=
[debug] [2023-11-21T12:28:26.909Z] <<< [apiv2][status] GET https://firebaserules.googleapis.com/v1/projects/kibby-2cd8c/releases 200
[debug] [2023-11-21T12:28:26.909Z] <<< [apiv2][body] GET https://firebaserules.googleapis.com/v1/projects/kibby-2cd8c/releases {"releases":[{"name":"projects/kibby-2cd8c/releases/cloud.firestore","rulesetName":"projects/kibby-2cd8c/rulesets/d1cdf788-d749-4da9-aecc-db8970028ca9","createTime":"2023-11-21T12:26:34.229230Z","updateTime":"2023-11-21T12:26:34.229230Z"}]}
[debug] [2023-11-21T12:28:26.910Z] Found ruleset: projects/kibby-2cd8c/rulesets/d1cdf788-d749-4da9-aecc-db8970028ca9
[debug] [2023-11-21T12:28:26.910Z] >>> [apiv2][query] GET https://firebaserules.googleapis.com/v1/projects/kibby-2cd8c/rulesets/d1cdf788-d749-4da9-aecc-db8970028ca9 [none]
[debug] [2023-11-21T12:28:27.600Z] <<< [apiv2][status] GET https://firebaserules.googleapis.com/v1/projects/kibby-2cd8c/rulesets/d1cdf788-d749-4da9-aecc-db8970028ca9 200
[debug] [2023-11-21T12:28:27.600Z] <<< [apiv2][body] GET https://firebaserules.googleapis.com/v1/projects/kibby-2cd8c/rulesets/d1cdf788-d749-4da9-aecc-db8970028ca9 [omitted]
[info] 
[info] Firestore indexes allow you to perform complex queries while
[info] maintaining performance that scales with the size of the result
[info] set. You can keep index definitions in your project directory
[info] and publish them with firebase deploy.
[info] 
[debug] [2023-11-21T12:28:29.893Z] >>> [apiv2][query] GET https://firestore.googleapis.com/v1/projects/kibby-2cd8c/databases/(default)/collectionGroups/-/indexes [none]
[debug] [2023-11-21T12:28:29.895Z] >>> [apiv2][query] GET https://firestore.googleapis.com/v1/projects/kibby-2cd8c/databases/(default)/collectionGroups/-/fields?filter=indexConfig.usesAncestorConfig=false OR ttlConfig:* [none]
[debug] [2023-11-21T12:28:30.083Z] <<< [apiv2][status] GET https://firestore.googleapis.com/v1/projects/kibby-2cd8c/databases/(default)/collectionGroups/-/indexes 200
[debug] [2023-11-21T12:28:30.083Z] <<< [apiv2][body] GET https://firestore.googleapis.com/v1/projects/kibby-2cd8c/databases/(default)/collectionGroups/-/indexes {}
[debug] [2023-11-21T12:28:30.584Z] <<< [apiv2][status] GET https://firestore.googleapis.com/v1/projects/kibby-2cd8c/databases/(default)/collectionGroups/-/fields?filter=indexConfig.usesAncestorConfig=false OR ttlConfig:* 200
[debug] [2023-11-21T12:28:30.584Z] <<< [apiv2][body] GET https://firestore.googleapis.com/v1/projects/kibby-2cd8c/databases/(default)/collectionGroups/-/fields?filter=indexConfig.usesAncestorConfig=false OR ttlConfig:* {"fields":[{"name":"projects/kibby-2cd8c/databases/(default)/collectionGroups/__default__/fields/*","indexConfig":{"indexes":[{"queryScope":"COLLECTION","fields":[{"fieldPath":"*","order":"ASCENDING"}],"state":"READY"},{"queryScope":"COLLECTION","fields":[{"fieldPath":"*","order":"DESCENDING"}],"state":"READY"},{"queryScope":"COLLECTION","fields":[{"fieldPath":"*","arrayConfig":"CONTAINS"}],"state":"READY"}]}}]}
[info] 
=== Functions Setup
[debug] [2023-11-21T12:28:30.586Z] > command requires scopes: ["email","openid","https://www.googleapis.com/auth/cloudplatformprojects.readonly","https://www.googleapis.com/auth/firebase","https://www.googleapis.com/auth/cloud-platform"]
[debug] [2023-11-21T12:28:30.586Z] > authorizing via signed-in user (anushankesavan11@gmail.com)
[debug] [2023-11-21T12:28:30.586Z] [iam] checking project kibby-2cd8c for permissions ["firebase.projects.get"]
[debug] [2023-11-21T12:28:30.587Z] >>> [apiv2][query] POST https://cloudresourcemanager.googleapis.com/v1/projects/kibby-2cd8c:testIamPermissions [none]
[debug] [2023-11-21T12:28:30.587Z] >>> [apiv2][(partial)header] POST https://cloudresourcemanager.googleapis.com/v1/projects/kibby-2cd8c:testIamPermissions x-goog-quota-user=projects/kibby-2cd8c
[debug] [2023-11-21T12:28:30.587Z] >>> [apiv2][body] POST https://cloudresourcemanager.googleapis.com/v1/projects/kibby-2cd8c:testIamPermissions {"permissions":["firebase.projects.get"]}
[debug] [2023-11-21T12:28:31.273Z] <<< [apiv2][status] POST https://cloudresourcemanager.googleapis.com/v1/projects/kibby-2cd8c:testIamPermissions 200
[debug] [2023-11-21T12:28:31.273Z] <<< [apiv2][body] POST https://cloudresourcemanager.googleapis.com/v1/projects/kibby-2cd8c:testIamPermissions {"permissions":["firebase.projects.get"]}
[debug] [2023-11-21T12:28:31.273Z] >>> [apiv2][query] GET https://serviceusage.googleapis.com/v1/projects/kibby-2cd8c/services/cloudfunctions.googleapis.com [none]
[debug] [2023-11-21T12:28:31.274Z] >>> [apiv2][(partial)header] GET https://serviceusage.googleapis.com/v1/projects/kibby-2cd8c/services/cloudfunctions.googleapis.com x-goog-quota-user=projects/kibby-2cd8c
[debug] [2023-11-21T12:28:31.276Z] >>> [apiv2][query] GET https://serviceusage.googleapis.com/v1/projects/kibby-2cd8c/services/runtimeconfig.googleapis.com [none]
[debug] [2023-11-21T12:28:31.276Z] >>> [apiv2][(partial)header] GET https://serviceusage.googleapis.com/v1/projects/kibby-2cd8c/services/runtimeconfig.googleapis.com x-goog-quota-user=projects/kibby-2cd8c
[debug] [2023-11-21T12:28:32.143Z] <<< [apiv2][status] GET https://serviceusage.googleapis.com/v1/projects/kibby-2cd8c/services/cloudfunctions.googleapis.com 200
[debug] [2023-11-21T12:28:32.144Z] <<< [apiv2][body] GET https://serviceusage.googleapis.com/v1/projects/kibby-2cd8c/services/cloudfunctions.googleapis.com [omitted]
[debug] [2023-11-21T12:28:32.144Z] >>> [apiv2][query] POST https://serviceusage.googleapis.com/v1/projects/kibby-2cd8c/services/cloudfunctions.googleapis.com:enable [none]
[debug] [2023-11-21T12:28:32.144Z] >>> [apiv2][(partial)header] POST https://serviceusage.googleapis.com/v1/projects/kibby-2cd8c/services/cloudfunctions.googleapis.com:enable x-goog-quota-user=projects/kibby-2cd8c
[debug] [2023-11-21T12:28:32.160Z] <<< [apiv2][status] GET https://serviceusage.googleapis.com/v1/projects/kibby-2cd8c/services/runtimeconfig.googleapis.com 200
[debug] [2023-11-21T12:28:32.160Z] <<< [apiv2][body] GET https://serviceusage.googleapis.com/v1/projects/kibby-2cd8c/services/runtimeconfig.googleapis.com [omitted]
[debug] [2023-11-21T12:28:33.712Z] <<< [apiv2][status] POST https://serviceusage.googleapis.com/v1/projects/kibby-2cd8c/services/cloudfunctions.googleapis.com:enable 200
[debug] [2023-11-21T12:28:33.712Z] <<< [apiv2][body] POST https://serviceusage.googleapis.com/v1/projects/kibby-2cd8c/services/cloudfunctions.googleapis.com:enable [omitted]
[debug] [2023-11-21T12:28:43.716Z] >>> [apiv2][query] GET https://serviceusage.googleapis.com/v1/projects/kibby-2cd8c/services/cloudfunctions.googleapis.com [none]
[debug] [2023-11-21T12:28:43.716Z] >>> [apiv2][(partial)header] GET https://serviceusage.googleapis.com/v1/projects/kibby-2cd8c/services/cloudfunctions.googleapis.com x-goog-quota-user=projects/kibby-2cd8c
[debug] [2023-11-21T12:28:44.614Z] <<< [apiv2][status] GET https://serviceusage.googleapis.com/v1/projects/kibby-2cd8c/services/cloudfunctions.googleapis.com 200
[debug] [2023-11-21T12:28:44.614Z] <<< [apiv2][body] GET https://serviceusage.googleapis.com/v1/projects/kibby-2cd8c/services/cloudfunctions.googleapis.com [omitted]
[info] Let's create a new codebase for your functions.
[info] A directory corresponding to the codebase will be created in your project
[info] with sample code pre-configured.

[info] See https://firebase.google.com/docs/functions/organize-functions for
[info] more information on organizing your functions using codebases.

[info] Functions can be deployed with firebase deploy.

[info] +  Wrote functions/package.json 
[info] +  Wrote functions/.eslintrc.js 
[info] +  Wrote functions/index.js 
[info] +  Wrote functions/.gitignore 
[info] 
=== Hosting Setup
[debug] [2023-11-21T12:29:33.790Z] >>> [apiv2][query] GET https://firebase.googleapis.com/v1beta1/projects/kibby-2cd8c [none]
[debug] [2023-11-21T12:29:34.121Z] <<< [apiv2][status] GET https://firebase.googleapis.com/v1beta1/projects/kibby-2cd8c 200
[debug] [2023-11-21T12:29:34.122Z] <<< [apiv2][body] GET https://firebase.googleapis.com/v1beta1/projects/kibby-2cd8c {"projectId":"kibby-2cd8c","projectNumber":"453662012145","displayName":"Kibby","name":"projects/kibby-2cd8c","resources":{"hostingSite":"kibby-2cd8c","realtimeDatabaseInstance":"kibby-2cd8c-default-rtdb"},"state":"ACTIVE","etag":"1_34958908-0ac0-47da-a2ac-14553f1d0da0"}
[info] 
[info] Your public directory is the folder (relative to your project directory) that
[info] will contain Hosting assets to be uploaded with firebase deploy. If you
[info] have a build process for your assets, use your build's output directory.
[info] 
[debug] [2023-11-21T12:30:13.045Z] >>> [apiv2][query] GET https://www.gstatic.com/firebasejs/releases.json [none]
[debug] [2023-11-21T12:30:13.124Z] <<< [apiv2][status] GET https://www.gstatic.com/firebasejs/releases.json 200
[debug] [2023-11-21T12:30:13.124Z] <<< [apiv2][body] GET https://www.gstatic.com/firebasejs/releases.json {"current":{"version":"10.6.0","browserURL":"https://www.gstatic.com/firebasejs/10.6.0/firebase.js","packageURL":"https://www.gstatic.com/firebasejs/10.6.0/firebase.tgz"},"live":{"version":"10.6","browserURL":"https://www.gstatic.com/firebasejs/live/10.6/firebase.js","packageURL":"https://www.gstatic.com/firebasejs/live/10.6/firebase.tgz"},"components":{"analytics":"https://www.gstatic.com/firebasejs/10.6.0/firebase-analytics.js","app":"https://www.gstatic.com/firebasejs/10.6.0/firebase-app.js","app-check":"https://www.gstatic.com/firebasejs/10.6.0/firebase-app-check.js","auth":"https://www.gstatic.com/firebasejs/10.6.0/firebase-auth.js","auth/cordova":"https://www.gstatic.com/firebasejs/10.6.0/firebase-auth/cordova.js","functions":"https://www.gstatic.com/firebasejs/10.6.0/firebase-functions.js","firestore":"https://www.gstatic.com/firebasejs/10.6.0/firebase-firestore.js","firestore/lite":"https://www.gstatic.com/firebasejs/10.6.0/firebase-firestore/lite.js","installations":"https://www.gstatic.com/firebasejs/10.6.0/firebase-installations.js","storage":"https://www.gstatic.com/firebasejs/10.6.0/firebase-storage.js","performance":"https://www.gstatic.com/firebasejs/10.6.0/firebase-performance.js","remote-config":"https://www.gstatic.com/firebasejs/10.6.0/firebase-remote-config.js","messaging":"https://www.gstatic.com/firebasejs/10.6.0/firebase-messaging.js","messaging/sw":"https://www.gstatic.com/firebasejs/10.6.0/firebase-messaging/sw.js","database":"https://www.gstatic.com/firebasejs/10.6.0/firebase-database.js","firestore.memory":"https://www.gstatic.com/firebasejs/10.6.0/firebase-firestore.memory.js"}}
[info] +  Wrote public/index.html 
[info] 
[info] i  Detected a .git folder at C:\Users\anush\IdeaProjects\Kibby 
[info] i  Authorizing with GitHub to upload your service account to a GitHub repository's secrets store. 
[info] 
[info] Visit this URL on this device to log in:
[info] https://github.com/login/oauth/authorize?client_id=89cf50f02ac6aaed3484&state=267370975&redirect_uri=http%3A%2F%2Flocalhost%3A9005&scope=read%3Auser%20repo%20public_repo
[info] 
[info] Waiting for authentication...
[debug] [2023-11-21T12:31:19.963Z] >>> [apiv2][query] POST https://github.com/login/oauth/access_token [none]
[debug] [2023-11-21T12:31:19.963Z] >>> [apiv2][body] POST https://github.com/login/oauth/access_token [stream]
[debug] [2023-11-21T12:31:20.214Z] <<< [apiv2][status] POST https://github.com/login/oauth/access_token 200
[debug] [2023-11-21T12:31:20.214Z] <<< [apiv2][body] POST https://github.com/login/oauth/access_token {"access_token":"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","token_type":"bearer","scope":"read:user,repo"}
[debug] [2023-11-21T12:31:20.217Z] >>> [apiv2][query] GET https://api.github.com/user [none]
[debug] [2023-11-21T12:31:20.491Z] <<< [apiv2][status] GET https://api.github.com/user 200
[debug] [2023-11-21T12:31:20.491Z] <<< [apiv2][body] GET https://api.github.com/user {"login":"AnuCod3","id":109498212,"node_id":"U_kgDOBobPZA","avatar_url":"https://avatars.githubusercontent.com/u/109498212?v=4","gravatar_id":"","url":"https://api.github.com/users/AnuCod3","html_url":"https://github.com/AnuCod3","followers_url":"https://api.github.com/users/AnuCod3/followers","following_url":"https://api.github.com/users/AnuCod3/following{/other_user}","gists_url":"https://api.github.com/users/AnuCod3/gists{/gist_id}","starred_url":"https://api.github.com/users/AnuCod3/starred{/owner}{/repo}","subscriptions_url":"https://api.github.com/users/AnuCod3/subscriptions","organizations_url":"https://api.github.com/users/AnuCod3/orgs","repos_url":"https://api.github.com/users/AnuCod3/repos","events_url":"https://api.github.com/users/AnuCod3/events{/privacy}","received_events_url":"https://api.github.com/users/AnuCod3/received_events","type":"User","site_admin":false,"name":null,"company":null,"blog":"","location":null,"email":null,"hireable":null,"bio":null,"twitter_username":null,"public_repos":4,"public_gists":0,"followers":1,"following":1,"created_at":"2022-07-18T04:19:08Z","updated_at":"2023-11-21T12:31:14Z","private_gists":0,"total_private_repos":2,"owned_private_repos":2,"disk_usage":71673,"collaborators":0,"two_factor_authentication":true,"plan":{"name":"pro","space":976562499,"collaborators":0,"private_repos":9999}}
[info] 
[info] +  Success! Logged into GitHub as AnuCod3 
[info] 
